<?xml version="1.0" encoding="UTF-8"?>
<coverage generated="1671126170368" clover="3.2.0">
  <project timestamp="1671126170368" name="All files">
    <metrics statements="68" coveredstatements="68" conditionals="28" coveredconditionals="25" methods="19" coveredmethods="19" elements="115" coveredelements="112" complexity="0" loc="68" ncloc="68" packages="2" files="4" classes="4"/>
    <package name="app">
      <metrics statements="5" coveredstatements="5" conditionals="0" coveredconditionals="0" methods="1" coveredmethods="1"/>
      <file name="hooks.ts" path="D:\MetaFic\metafic-parking-react-native-app\app\hooks.ts">
        <metrics statements="2" coveredstatements="2" conditionals="0" coveredconditionals="0" methods="0" coveredmethods="0"/>
        <line num="4" count="1" type="stmt"/>
        <line num="5" count="1" type="stmt"/>
      </file>
      <file name="store.ts" path="D:\MetaFic\metafic-parking-react-native-app\app\store.ts">
        <metrics statements="3" coveredstatements="3" conditionals="0" coveredconditionals="0" methods="1" coveredmethods="1"/>
        <line num="10" count="1" type="stmt"/>
        <line num="13" count="1" type="stmt"/>
        <line num="14" count="2" type="stmt"/>
      </file>
    </package>
    <package name="features.parking">
      <metrics statements="63" coveredstatements="63" conditionals="28" coveredconditionals="25" methods="18" coveredmethods="18"/>
      <file name="Parking.tsx" path="D:\MetaFic\metafic-parking-react-native-app\features\parking\Parking.tsx">
        <metrics statements="33" coveredstatements="33" conditionals="18" coveredconditionals="15" methods="12" coveredmethods="12"/>
        <line num="22" count="1" type="stmt"/>
        <line num="23" count="48" type="stmt"/>
        <line num="26" count="1" type="stmt"/>
        <line num="27" count="24" type="stmt"/>
        <line num="28" count="24" type="cond" truecount="1" falsecount="1"/>
        <line num="31" count="1" type="stmt"/>
        <line num="32" count="29" type="stmt"/>
        <line num="33" count="29" type="stmt"/>
        <line num="35" count="29" type="stmt"/>
        <line num="36" count="29" type="stmt"/>
        <line num="37" count="29" type="stmt"/>
        <line num="42" count="29" type="stmt"/>
        <line num="44" count="29" type="stmt"/>
        <line num="45" count="3" type="stmt"/>
        <line num="46" count="3" type="stmt"/>
        <line num="48" count="1" type="stmt"/>
        <line num="52" count="29" type="stmt"/>
        <line num="53" count="9" type="stmt"/>
        <line num="54" count="9" type="stmt"/>
        <line num="56" count="2" type="stmt"/>
        <line num="60" count="29" type="stmt"/>
        <line num="61" count="1" type="stmt"/>
        <line num="62" count="1" type="stmt"/>
        <line num="67" count="29" type="cond" truecount="2" falsecount="0"/>
        <line num="76" count="3" type="cond" truecount="1" falsecount="1"/>
        <line num="88" count="1" type="stmt"/>
        <line num="118" count="1" type="stmt"/>
        <line num="135" count="9" type="stmt"/>
        <line num="145" count="72" type="stmt"/>
        <line num="153" count="3" type="cond" truecount="1" falsecount="1"/>
        <line num="154" count="3" type="stmt"/>
        <line num="155" count="3" type="stmt"/>
        <line num="179" count="1" type="stmt"/>
      </file>
      <file name="parkingSlice.ts" path="D:\MetaFic\metafic-parking-react-native-app\features\parking\parkingSlice.ts">
        <metrics statements="30" coveredstatements="30" conditionals="10" coveredconditionals="10" methods="6" coveredmethods="6"/>
        <line num="16" count="1" type="stmt"/>
        <line num="22" count="1" type="stmt"/>
        <line num="28" count="3" type="cond" truecount="2" falsecount="0"/>
        <line num="29" count="1" type="stmt"/>
        <line num="31" count="2" type="stmt"/>
        <line num="32" count="6" type="stmt"/>
        <line num="38" count="2" type="stmt"/>
        <line num="41" count="9" type="stmt"/>
        <line num="42" count="9" type="stmt"/>
        <line num="43" count="33" type="cond" truecount="2" falsecount="0"/>
        <line num="44" count="2" type="stmt"/>
        <line num="46" count="9" type="cond" truecount="2" falsecount="0"/>
        <line num="47" count="1" type="stmt"/>
        <line num="48" count="8" type="cond" truecount="2" falsecount="0"/>
        <line num="49" count="1" type="stmt"/>
        <line num="51" count="7" type="stmt"/>
        <line num="52" count="7" type="stmt"/>
        <line num="53" count="14" type="stmt"/>
        <line num="54" count="14" type="cond" truecount="2" falsecount="0"/>
        <line num="55" count="7" type="stmt"/>
        <line num="59" count="7" type="stmt"/>
        <line num="60" count="7" type="stmt"/>
        <line num="66" count="1" type="stmt"/>
        <line num="71" count="1" type="stmt"/>
        <line num="76" count="1" type="stmt"/>
        <line num="77" count="12" type="stmt"/>
        <line num="82" count="1" type="stmt"/>
        <line num="83" count="14" type="stmt"/>
        <line num="84" count="14" type="stmt"/>
        <line num="85" count="14" type="stmt"/>
      </file>
    </package>
  </project>
</coverage>
