{"D:\\MetaFic\\metafic-parking-react-native-app\\app\\hooks.ts": {"path":"D:\\MetaFic\\metafic-parking-react-native-app\\app\\hooks.ts","statementMap":{"0":{"start":{"line":4,"column":49},"end":{"line":4,"column":60}},"1":{"start":{"line":5,"column":63},"end":{"line":5,"column":74}}},"fnMap":{},"branchMap":{},"s":{"0":1,"1":1},"f":{},"b":{},"_coverageSchema":"1a1c01bbd47fc00a2c39e90264f33305004495a9","hash":"2c4cc83f0e6ed8738957f7be8fe4dd67ffdad935"}
,"D:\\MetaFic\\metafic-parking-react-native-app\\app\\store.ts": {"path":"D:\\MetaFic\\metafic-parking-react-native-app\\app\\store.ts","statementMap":{"0":{"start":{"line":10,"column":20},"end":{"line":12,"column":3}},"1":{"start":{"line":13,"column":25},"end":{"line":18,"column":1}},"2":{"start":{"line":14,"column":2},"end":{"line":17,"column":4}}},"fnMap":{"0":{"name":"(anonymous_0)","decl":{"start":{"line":13,"column":25},"end":{"line":13,"column":26}},"loc":{"start":{"line":13,"column":72},"end":{"line":18,"column":1}},"line":13}},"branchMap":{},"s":{"0":1,"1":1,"2":2},"f":{"0":2},"b":{},"_coverageSchema":"1a1c01bbd47fc00a2c39e90264f33305004495a9","hash":"c5c4f2cf18cf683a452e51a2f2de250d1a93b44a"}
,"D:\\MetaFic\\metafic-parking-react-native-app\\features\\parking\\Parking.tsx": {"path":"D:\\MetaFic\\metafic-parking-react-native-app\\features\\parking\\Parking.tsx","statementMap":{"0":{"start":{"line":22,"column":27},"end":{"line":24,"column":1}},"1":{"start":{"line":23,"column":2},"end":{"line":23,"column":89}},"2":{"start":{"line":26,"column":25},"end":{"line":29,"column":1}},"3":{"start":{"line":27,"column":19},"end":{"line":27,"column":39}},"4":{"start":{"line":28,"column":2},"end":{"line":28,"column":49}},"5":{"start":{"line":31,"column":16},"end":{"line":177,"column":1}},"6":{"start":{"line":32,"column":17},"end":{"line":32,"column":45}},"7":{"start":{"line":33,"column":19},"end":{"line":33,"column":35}},"8":{"start":{"line":35,"column":40},"end":{"line":35,"column":51}},"9":{"start":{"line":36,"column":30},"end":{"line":36,"column":42}},"10":{"start":{"line":37,"column":42},"end":{"line":41,"column":4}},"11":{"start":{"line":42,"column":42},"end":{"line":42,"column":57}},"12":{"start":{"line":44,"column":28},"end":{"line":50,"column":3}},"13":{"start":{"line":45,"column":4},"end":{"line":49,"column":5}},"14":{"start":{"line":46,"column":6},"end":{"line":46,"column":39}},"15":{"start":{"line":48,"column":6},"end":{"line":48,"column":51}},"16":{"start":{"line":52,"column":22},"end":{"line":58,"column":3}},"17":{"start":{"line":53,"column":4},"end":{"line":57,"column":5}},"18":{"start":{"line":54,"column":6},"end":{"line":54,"column":28}},"19":{"start":{"line":56,"column":6},"end":{"line":56,"column":41}},"20":{"start":{"line":60,"column":25},"end":{"line":63,"column":3}},"21":{"start":{"line":61,"column":4},"end":{"line":61,"column":47}},"22":{"start":{"line":62,"column":4},"end":{"line":62,"column":26}},"23":{"start":{"line":67,"column":2},"end":{"line":176,"column":3}},"24":{"start":{"line":76,"column":10},"end":{"line":76,"column":61}},"25":{"start":{"line":88,"column":30},"end":{"line":88,"column":52}},"26":{"start":{"line":118,"column":31},"end":{"line":118,"column":53}},"27":{"start":{"line":135,"column":34},"end":{"line":135,"column":49}},"28":{"start":{"line":145,"column":10},"end":{"line":172,"column":29}},"29":{"start":{"line":153,"column":14},"end":{"line":156,"column":15}},"30":{"start":{"line":154,"column":16},"end":{"line":154,"column":38}},"31":{"start":{"line":155,"column":16},"end":{"line":155,"column":37}},"32":{"start":{"line":179,"column":15},"end":{"line":266,"column":2}}},"fnMap":{"0":{"name":"(anonymous_0)","decl":{"start":{"line":22,"column":27},"end":{"line":22,"column":28}},"loc":{"start":{"line":22,"column":46},"end":{"line":24,"column":1}},"line":22},"1":{"name":"(anonymous_1)","decl":{"start":{"line":26,"column":25},"end":{"line":26,"column":26}},"loc":{"start":{"line":26,"column":44},"end":{"line":29,"column":1}},"line":26},"2":{"name":"(anonymous_2)","decl":{"start":{"line":31,"column":16},"end":{"line":31,"column":17}},"loc":{"start":{"line":31,"column":22},"end":{"line":177,"column":1}},"line":31},"3":{"name":"(anonymous_3)","decl":{"start":{"line":44,"column":28},"end":{"line":44,"column":29}},"loc":{"start":{"line":44,"column":34},"end":{"line":50,"column":3}},"line":44},"4":{"name":"(anonymous_4)","decl":{"start":{"line":52,"column":22},"end":{"line":52,"column":23}},"loc":{"start":{"line":52,"column":28},"end":{"line":58,"column":3}},"line":52},"5":{"name":"(anonymous_5)","decl":{"start":{"line":60,"column":25},"end":{"line":60,"column":26}},"loc":{"start":{"line":60,"column":31},"end":{"line":63,"column":3}},"line":60},"6":{"name":"(anonymous_6)","decl":{"start":{"line":75,"column":22},"end":{"line":75,"column":23}},"loc":{"start":{"line":76,"column":10},"end":{"line":76,"column":61}},"line":76},"7":{"name":"(anonymous_7)","decl":{"start":{"line":88,"column":24},"end":{"line":88,"column":25}},"loc":{"start":{"line":88,"column":30},"end":{"line":88,"column":52}},"line":88},"8":{"name":"(anonymous_8)","decl":{"start":{"line":118,"column":25},"end":{"line":118,"column":26}},"loc":{"start":{"line":118,"column":31},"end":{"line":118,"column":53}},"line":118},"9":{"name":"(anonymous_9)","decl":{"start":{"line":135,"column":24},"end":{"line":135,"column":25}},"loc":{"start":{"line":135,"column":34},"end":{"line":135,"column":49}},"line":135},"10":{"name":"(anonymous_10)","decl":{"start":{"line":144,"column":20},"end":{"line":144,"column":21}},"loc":{"start":{"line":145,"column":10},"end":{"line":172,"column":29}},"line":145},"11":{"name":"(anonymous_11)","decl":{"start":{"line":152,"column":21},"end":{"line":152,"column":22}},"loc":{"start":{"line":152,"column":27},"end":{"line":157,"column":13}},"line":152}},"branchMap":{"0":{"loc":{"start":{"line":28,"column":9},"end":{"line":28,"column":49}},"type":"cond-expr","locations":[{"start":{"line":28,"column":25},"end":{"line":28,"column":27}},{"start":{"line":28,"column":30},"end":{"line":28,"column":49}}],"line":28},"1":{"loc":{"start":{"line":67,"column":9},"end":{"line":176,"column":3}},"type":"cond-expr","locations":[{"start":{"line":68,"column":4},"end":{"line":82,"column":11}},{"start":{"line":84,"column":4},"end":{"line":175,"column":17}}],"line":67},"2":{"loc":{"start":{"line":76,"column":25},"end":{"line":76,"column":60}},"type":"cond-expr","locations":[{"start":{"line":76,"column":42},"end":{"line":76,"column":56}},{"start":{"line":76,"column":59},"end":{"line":76,"column":60}}],"line":76},"3":{"loc":{"start":{"line":103,"column":16},"end":{"line":103,"column":72}},"type":"cond-expr","locations":[{"start":{"line":103,"column":39},"end":{"line":103,"column":59}},{"start":{"line":103,"column":62},"end":{"line":103,"column":72}}],"line":103},"4":{"loc":{"start":{"line":110,"column":16},"end":{"line":110,"column":72}},"type":"cond-expr","locations":[{"start":{"line":110,"column":39},"end":{"line":110,"column":59}},{"start":{"line":110,"column":62},"end":{"line":110,"column":72}}],"line":110},"5":{"loc":{"start":{"line":148,"column":19},"end":{"line":148,"column":78}},"type":"cond-expr","locations":[{"start":{"line":148,"column":40},"end":{"line":148,"column":58}},{"start":{"line":148,"column":61},"end":{"line":148,"column":78}}],"line":148},"6":{"loc":{"start":{"line":153,"column":14},"end":{"line":156,"column":15}},"type":"if","locations":[{"start":{"line":153,"column":14},"end":{"line":156,"column":15}},{"start":{},"end":{}}],"line":153},"7":{"loc":{"start":{"line":162,"column":13},"end":{"line":166,"column":13}},"type":"binary-expr","locations":[{"start":{"line":162,"column":13},"end":{"line":162,"column":31}},{"start":{"line":163,"column":14},"end":{"line":165,"column":21}}],"line":162},"8":{"loc":{"start":{"line":167,"column":13},"end":{"line":171,"column":13}},"type":"binary-expr","locations":[{"start":{"line":167,"column":13},"end":{"line":167,"column":26}},{"start":{"line":168,"column":14},"end":{"line":170,"column":21}}],"line":167}},"s":{"0":1,"1":48,"2":1,"3":24,"4":24,"5":1,"6":29,"7":29,"8":29,"9":29,"10":29,"11":29,"12":29,"13":3,"14":3,"15":1,"16":29,"17":9,"18":9,"19":2,"20":29,"21":1,"22":1,"23":29,"24":3,"25":1,"26":1,"27":9,"28":72,"29":3,"30":3,"31":3,"32":1},"f":{"0":48,"1":24,"2":29,"3":3,"4":9,"5":1,"6":3,"7":1,"8":1,"9":9,"10":72,"11":3},"b":{"0":[24,0],"1":[5,24],"2":[3,0],"3":[8,16],"4":[8,16],"5":[34,38],"6":[3,0],"7":[72,34],"8":[72,34]},"_coverageSchema":"1a1c01bbd47fc00a2c39e90264f33305004495a9","hash":"a20b46e3908af06b057f6db8081523d5962fd06c"}
,"D:\\MetaFic\\metafic-parking-react-native-app\\features\\parking\\parkingSlice.ts": {"path":"D:\\MetaFic\\metafic-parking-react-native-app\\features\\parking\\parkingSlice.ts","statementMap":{"0":{"start":{"line":16,"column":35},"end":{"line":20,"column":1}},"1":{"start":{"line":22,"column":28},"end":{"line":74,"column":2}},"2":{"start":{"line":28,"column":6},"end":{"line":29,"column":53}},"3":{"start":{"line":29,"column":8},"end":{"line":29,"column":53}},"4":{"start":{"line":31,"column":6},"end":{"line":37,"column":7}},"5":{"start":{"line":31,"column":23},"end":{"line":31,"column":24}},"6":{"start":{"line":32,"column":8},"end":{"line":36,"column":10}},"7":{"start":{"line":38,"column":6},"end":{"line":38,"column":38}},"8":{"start":{"line":41,"column":27},"end":{"line":41,"column":32}},"9":{"start":{"line":42,"column":6},"end":{"line":45,"column":8}},"10":{"start":{"line":43,"column":8},"end":{"line":44,"column":31}},"11":{"start":{"line":44,"column":10},"end":{"line":44,"column":31}},"12":{"start":{"line":46,"column":6},"end":{"line":49,"column":73}},"13":{"start":{"line":47,"column":8},"end":{"line":47,"column":40}},"14":{"start":{"line":48,"column":11},"end":{"line":49,"column":73}},"15":{"start":{"line":49,"column":8},"end":{"line":49,"column":73}},"16":{"start":{"line":51,"column":21},"end":{"line":51,"column":26}},"17":{"start":{"line":52,"column":6},"end":{"line":62,"column":7}},"18":{"start":{"line":53,"column":20},"end":{"line":53,"column":63}},"19":{"start":{"line":54,"column":8},"end":{"line":61,"column":9}},"20":{"start":{"line":55,"column":10},"end":{"line":58,"column":11}},"21":{"start":{"line":59,"column":10},"end":{"line":59,"column":25}},"22":{"start":{"line":60,"column":10},"end":{"line":60,"column":33}},"23":{"start":{"line":66,"column":6},"end":{"line":70,"column":7}},"24":{"start":{"line":71,"column":6},"end":{"line":71,"column":29}},"25":{"start":{"line":76,"column":44},"end":{"line":76,"column":64}},"26":{"start":{"line":77,"column":28},"end":{"line":77,"column":70}},"27":{"start":{"line":77,"column":50},"end":{"line":77,"column":70}},"28":{"start":{"line":82,"column":24},"end":{"line":86,"column":1}},"29":{"start":{"line":83,"column":2},"end":{"line":83,"column":22}},"30":{"start":{"line":84,"column":2},"end":{"line":84,"column":23}},"31":{"start":{"line":85,"column":2},"end":{"line":85,"column":58}}},"fnMap":{"0":{"name":"(anonymous_0)","decl":{"start":{"line":26,"column":16},"end":{"line":26,"column":17}},"loc":{"start":{"line":26,"column":58},"end":{"line":39,"column":5}},"line":26},"1":{"name":"(anonymous_1)","decl":{"start":{"line":40,"column":10},"end":{"line":40,"column":11}},"loc":{"start":{"line":40,"column":52},"end":{"line":63,"column":5}},"line":40},"2":{"name":"(anonymous_2)","decl":{"start":{"line":42,"column":23},"end":{"line":42,"column":24}},"loc":{"start":{"line":42,"column":34},"end":{"line":45,"column":7}},"line":42},"3":{"name":"(anonymous_3)","decl":{"start":{"line":64,"column":12},"end":{"line":64,"column":13}},"loc":{"start":{"line":64,"column":54},"end":{"line":72,"column":5}},"line":64},"4":{"name":"(anonymous_4)","decl":{"start":{"line":77,"column":28},"end":{"line":77,"column":29}},"loc":{"start":{"line":77,"column":50},"end":{"line":77,"column":70}},"line":77},"5":{"name":"(anonymous_5)","decl":{"start":{"line":82,"column":24},"end":{"line":82,"column":25}},"loc":{"start":{"line":82,"column":54},"end":{"line":86,"column":1}},"line":82}},"branchMap":{"0":{"loc":{"start":{"line":28,"column":6},"end":{"line":29,"column":53}},"type":"if","locations":[{"start":{"line":28,"column":6},"end":{"line":29,"column":53}},{"start":{},"end":{}}],"line":28},"1":{"loc":{"start":{"line":43,"column":8},"end":{"line":44,"column":31}},"type":"if","locations":[{"start":{"line":43,"column":8},"end":{"line":44,"column":31}},{"start":{},"end":{}}],"line":43},"2":{"loc":{"start":{"line":46,"column":6},"end":{"line":49,"column":73}},"type":"if","locations":[{"start":{"line":46,"column":6},"end":{"line":49,"column":73}},{"start":{"line":48,"column":11},"end":{"line":49,"column":73}}],"line":46},"3":{"loc":{"start":{"line":48,"column":11},"end":{"line":49,"column":73}},"type":"if","locations":[{"start":{"line":48,"column":11},"end":{"line":49,"column":73}},{"start":{},"end":{}}],"line":48},"4":{"loc":{"start":{"line":54,"column":8},"end":{"line":61,"column":9}},"type":"if","locations":[{"start":{"line":54,"column":8},"end":{"line":61,"column":9}},{"start":{},"end":{}}],"line":54}},"s":{"0":1,"1":1,"2":3,"3":1,"4":2,"5":2,"6":6,"7":2,"8":9,"9":9,"10":33,"11":2,"12":9,"13":1,"14":8,"15":1,"16":7,"17":7,"18":14,"19":14,"20":7,"21":7,"22":7,"23":1,"24":1,"25":1,"26":1,"27":12,"28":1,"29":14,"30":14,"31":14},"f":{"0":3,"1":9,"2":33,"3":1,"4":12,"5":14},"b":{"0":[1,2],"1":[2,31],"2":[1,8],"3":[1,7],"4":[7,7]},"_coverageSchema":"1a1c01bbd47fc00a2c39e90264f33305004495a9","hash":"e3ce3c28fa608d706e10ed429b19f9b344d108da"}
}
