TN:
SF:app\hooks.ts
FNF:0
FNH:0
DA:4,1
DA:5,1
LF:2
LH:2
BRF:0
BRH:0
end_of_record
TN:
SF:app\store.ts
FN:13,(anonymous_0)
FNF:1
FNH:1
FNDA:2,(anonymous_0)
DA:10,1
DA:13,1
DA:14,2
LF:3
LH:3
BRF:0
BRH:0
end_of_record
TN:
SF:features\parking\Parking.tsx
FN:22,(anonymous_0)
FN:26,(anonymous_1)
FN:31,(anonymous_2)
FN:44,(anonymous_3)
FN:52,(anonymous_4)
FN:60,(anonymous_5)
FN:75,(anonymous_6)
FN:88,(anonymous_7)
FN:118,(anonymous_8)
FN:135,(anonymous_9)
FN:144,(anonymous_10)
FN:152,(anonymous_11)
FNF:12
FNH:12
FNDA:48,(anonymous_0)
FNDA:24,(anonymous_1)
FNDA:29,(anonymous_2)
FNDA:3,(anonymous_3)
FNDA:9,(anonymous_4)
FNDA:1,(anonymous_5)
FNDA:3,(anonymous_6)
FNDA:1,(anonymous_7)
FNDA:1,(anonymous_8)
FNDA:9,(anonymous_9)
FNDA:72,(anonymous_10)
FNDA:3,(anonymous_11)
DA:22,1
DA:23,48
DA:26,1
DA:27,24
DA:28,24
DA:31,1
DA:32,29
DA:33,29
DA:35,29
DA:36,29
DA:37,29
DA:42,29
DA:44,29
DA:45,3
DA:46,3
DA:48,1
DA:52,29
DA:53,9
DA:54,9
DA:56,2
DA:60,29
DA:61,1
DA:62,1
DA:67,29
DA:76,3
DA:88,1
DA:118,1
DA:135,9
DA:145,72
DA:153,3
DA:154,3
DA:155,3
DA:179,1
LF:33
LH:33
BRDA:28,0,0,24
BRDA:28,0,1,0
BRDA:67,1,0,5
BRDA:67,1,1,24
BRDA:76,2,0,3
BRDA:76,2,1,0
BRDA:103,3,0,8
BRDA:103,3,1,16
BRDA:110,4,0,8
BRDA:110,4,1,16
BRDA:148,5,0,34
BRDA:148,5,1,38
BRDA:153,6,0,3
BRDA:153,6,1,0
BRDA:162,7,0,72
BRDA:162,7,1,34
BRDA:167,8,0,72
BRDA:167,8,1,34
BRF:18
BRH:15
end_of_record
TN:
SF:features\parking\parkingSlice.ts
FN:26,(anonymous_0)
FN:40,(anonymous_1)
FN:42,(anonymous_2)
FN:64,(anonymous_3)
FN:77,(anonymous_4)
FN:82,(anonymous_5)
FNF:6
FNH:6
FNDA:3,(anonymous_0)
FNDA:9,(anonymous_1)
FNDA:33,(anonymous_2)
FNDA:1,(anonymous_3)
FNDA:12,(anonymous_4)
FNDA:14,(anonymous_5)
DA:16,1
DA:22,1
DA:28,3
DA:29,1
DA:31,2
DA:32,6
DA:38,2
DA:41,9
DA:42,9
DA:43,33
DA:44,2
DA:46,9
DA:47,1
DA:48,8
DA:49,1
DA:51,7
DA:52,7
DA:53,14
DA:54,14
DA:55,7
DA:59,7
DA:60,7
DA:66,1
DA:71,1
DA:76,1
DA:77,12
DA:82,1
DA:83,14
DA:84,14
DA:85,14
LF:30
LH:30
BRDA:28,0,0,1
BRDA:28,0,1,2
BRDA:43,1,0,2
BRDA:43,1,1,31
BRDA:46,2,0,1
BRDA:46,2,1,8
BRDA:48,3,0,1
BRDA:48,3,1,7
BRDA:54,4,0,7
BRDA:54,4,1,7
BRF:10
BRH:10
end_of_record
